[2026-01-15T00:03:02.872Z] [INFO] ========== 开始处理邮件 ==========
[2026-01-15T00:03:02.954Z] [INFO] Gmail API 认证成功
[2026-01-15T00:03:02.954Z] [INFO] 搜索邮件: label:"AI subscription" is:unread after:2026/01/13
[2026-01-15T00:03:06.145Z] [INFO] 找到 1 封带有标签 "AI subscription" 的未读邮件
[2026-01-15T00:03:06.145Z] [INFO] 
处理邮件 1/1
[2026-01-15T00:03:07.138Z] [INFO] 获取邮件内容: 🏗️ Meta's massive AI compute push
[2026-01-15T00:03:07.184Z] [INFO] HTML 解析完成
[2026-01-15T00:03:07.197Z] [INFO] 提取到 0 个链接
[2026-01-15T00:03:07.197Z] [INFO] 提取到 0 个链接
[2026-01-15T00:03:07.197Z] [INFO] 使用 MiniMax 翻译邮件内容
[2026-01-15T00:04:45.098Z] [SUCCESS] MiniMax 翻译完成
[2026-01-15T00:04:45.118Z] [SUCCESS] 文件已保存: 2026-01-14-🏗️-Meta's-massive-AI-compute-push.md
[2026-01-15T00:04:46.839Z] [INFO] 邮件已标记为已读: 19bbc3bd1de57535
[2026-01-15T00:04:46.840Z] [SUCCESS] ✓ 邮件处理完成: 🏗️ Meta's massive AI compute push
[2026-01-15T00:04:46.840Z] [INFO] 
========== 处理完成 ==========
[2026-01-15T00:04:46.840Z] [INFO] 成功: 1 封
[2026-01-15T00:04:46.841Z] [INFO] 失败: 0 封
[2026-01-15T00:04:46.841Z] [SUCCESS] 
任务完成！处理了 1 封邮件
